Copyright 1986-2022 Xilinx, Inc. All Rights Reserved. Copyright 2022-2023 Advanced Micro Devices, Inc. All Rights Reserved.
---------------------------------------------------------------------------------------------------------------------------------------------
| Tool Version : Vivado v.2023.1 (win64) Build 3865809 Sun May  7 15:05:29 MDT 2023
| Date         : Sun Oct  1 21:55:03 2023
| Host         : LAPTOP-0PHVI0E1 running 64-bit major release  (build 9200)
| Command      : report_control_sets -verbose -file system_control_sets_placed.rpt
| Design       : system
| Device       : xc7a35t
---------------------------------------------------------------------------------------------------------------------------------------------

Control Set Information

Table of Contents
-----------------
1. Summary
2. Histogram
3. Flip-Flop Distribution
4. Detailed Control Set Information

1. Summary
----------

+----------------------------------------------------------+-------+
|                          Status                          | Count |
+----------------------------------------------------------+-------+
| Total control sets                                       |     6 |
|    Minimum number of control sets                        |     6 |
|    Addition due to synthesis replication                 |     0 |
|    Addition due to physical synthesis replication        |     0 |
| Unused register locations in slices containing registers |     4 |
+----------------------------------------------------------+-------+
* Control sets can be merged at opt_design using control_set_merge or merge_equivalent_drivers
** Run report_qor_suggestions for automated merging and remapping suggestions


2. Histogram
------------

+--------------------+-------+
|       Fanout       | Count |
+--------------------+-------+
| Total control sets |     6 |
| >= 0 to < 4        |     0 |
| >= 4 to < 6        |     0 |
| >= 6 to < 8        |     1 |
| >= 8 to < 10       |     4 |
| >= 10 to < 12      |     0 |
| >= 12 to < 14      |     0 |
| >= 14 to < 16      |     0 |
| >= 16              |     1 |
+--------------------+-------+
* Control sets can be remapped at either synth_design or opt_design


3. Flip-Flop Distribution
-------------------------

+--------------+-----------------------+------------------------+-----------------+--------------+
| Clock Enable | Synchronous Set/Reset | Asynchronous Set/Reset | Total Registers | Total Slices |
+--------------+-----------------------+------------------------+-----------------+--------------+
| No           | No                    | No                     |               6 |            2 |
| No           | No                    | Yes                    |              62 |           15 |
| No           | Yes                   | No                     |               0 |            0 |
| Yes          | No                    | No                     |               0 |            0 |
| Yes          | No                    | Yes                    |               0 |            0 |
| Yes          | Yes                   | No                     |               0 |            0 |
+--------------+-----------------------+------------------------+-----------------+--------------+


4. Detailed Control Set Information
-----------------------------------

+-------------------------+---------------+------------------+------------------+----------------+--------------+
|       Clock Signal      | Enable Signal | Set/Reset Signal | Slice Load Count | Bel Load Count | Bels / Slice |
+-------------------------+---------------+------------------+------------------+----------------+--------------+
|  U1/next_state          |               |                  |                2 |              6 |         3.00 |
|  U1/CLK                 |               | reset_IBUF       |                2 |              8 |         4.00 |
|  U1/x_we_reg_0          |               | reset_IBUF       |                2 |              8 |         4.00 |
|  U1/gcd_we_reg_0        |               | reset_IBUF       |                1 |              8 |         8.00 |
|  slow_clock             |               | reset_IBUF       |                2 |              8 |         4.00 |
|  master_clock_IBUF_BUFG |               | reset_IBUF       |                8 |             30 |         3.75 |
+-------------------------+---------------+------------------+------------------+----------------+--------------+


